# JRE version: Java(TM) SE Runtime Environment (23.0+37) (build 23+37-2369)
# Java VM: Java HotSpot(TM) 64-Bit Server VM (23+37-2369, mixed mode, emulated-client, sharing, tiered, compressed oops, compressed class ptrs, g1 gc, windows-amd64)
GC Precious Log:
 CardTable entry size: 512
 Card Set container configuration: InlinePtr #cards 5 size 8 Array Of Cards #cards 10 size 36 Howl #buckets 4 coarsen threshold 1843 Howl Bitmap #cards 512 size 80 coarsen threshold 460 Card regions per heap region 1 cards per card region 2048
 CPUs: 12 total, 12 available
 Memory: 7865M
 Large Page Support: Disabled
 NUMA Support: Disabled
 Compressed Oops: Enabled (32-bit)
 Heap Region Size: 1M
 Heap Min Capacity: 8M
 Heap Initial Capacity: 124M
 Heap Max Capacity: 1968M
 Pre-touch: Disabled
 Parallel Workers: 10
 Concurrent Workers: 3
 Concurrent Refinement Workers: 10
 Periodic GC: Disabled
Heap:
 garbage-first heap   total reserved 2015232K, committed 81920K, used 39836K [0x0000000085000000, 0x0000000100000000)
  region size 1024K, 20 young (20480K), 4 survivors (4096K)
 Metaspace       used 40239K, committed 40960K, reserved 1114112K
  class space    used 5695K, committed 5952K, reserved 1048576K
GC Heap History (20 events):
Event: 1.806 GC heap after
{Heap after GC invocations=3 (full 0):
 garbage-first heap   total reserved 2015232K, committed 126976K, used 21588K [0x0000000085000000, 0x0000000100000000)
  region size 1024K, 6 young (6144K), 6 survivors (6144K)
 Metaspace       used 17809K, committed 18240K, reserved 1114112K
  class space    used 2588K, committed 2752K, reserved 1048576K
}
Event: 1.936 GC heap before
{Heap before GC invocations=3 (full 0):
 garbage-first heap   total reserved 2015232K, committed 126976K, used 45140K [0x0000000085000000, 0x0000000100000000)
  region size 1024K, 30 young (30720K), 6 survivors (6144K)
 Metaspace       used 21070K, committed 21504K, reserved 1114112K
  class space    used 2946K, committed 3136K, reserved 1048576K
}
Event: 1.941 GC heap after
{Heap after GC invocations=4 (full 0):
 garbage-first heap   total reserved 2015232K, committed 126976K, used 18924K [0x0000000085000000, 0x0000000100000000)
  region size 1024K, 4 young (4096K), 4 survivors (4096K)
 Metaspace       used 21070K, committed 21504K, reserved 1114112K
  class space    used 2946K, committed 3136K, reserved 1048576K
}
Event: 2.292 GC heap before
{Heap before GC invocations=5 (full 0):
 garbage-first heap   total reserved 2015232K, committed 65536K, used 53740K [0x0000000085000000, 0x0000000100000000)
  region size 1024K, 38 young (38912K), 4 survivors (4096K)
 Metaspace       used 24957K, committed 25472K, reserved 1114112K
  class space    used 3548K, committed 3776K, reserved 1048576K
}
Event: 2.296 GC heap after
{Heap after GC invocations=6 (full 0):
 garbage-first heap   total reserved 2015232K, committed 65536K, used 19374K [0x0000000085000000, 0x0000000100000000)
  region size 1024K, 4 young (4096K), 4 survivors (4096K)
 Metaspace       used 24957K, committed 25472K, reserved 1114112K
  class space    used 3548K, committed 3776K, reserved 1048576K
}
Event: 2.648 GC heap before
{Heap before GC invocations=6 (full 0):
 garbage-first heap   total reserved 2015232K, committed 65536K, used 49070K [0x0000000085000000, 0x0000000100000000)
  region size 1024K, 33 young (33792K), 4 survivors (4096K)
 Metaspace       used 29475K, committed 30016K, reserved 1114112K
  class space    used 4219K, committed 4416K, reserved 1048576K
}
Event: 2.653 GC heap after
{Heap after GC invocations=7 (full 0):
 garbage-first heap   total reserved 2015232K, committed 65536K, used 21260K [0x0000000085000000, 0x0000000100000000)
  region size 1024K, 5 young (5120K), 5 survivors (5120K)
 Metaspace       used 29475K, committed 30016K, reserved 1114112K
  class space    used 4219K, committed 4416K, reserved 1048576K
}
Event: 2.841 GC heap before
{Heap before GC invocations=7 (full 0):
 garbage-first heap   total reserved 2015232K, committed 65536K, used 56076K [0x0000000085000000, 0x0000000100000000)
  region size 1024K, 34 young (34816K), 5 survivors (5120K)
 Metaspace       used 30919K, committed 31488K, reserved 1114112K
  class space    used 4414K, committed 4672K, reserved 1048576K
}
Event: 2.847 GC heap after
{Heap after GC invocations=8 (full 0):
 garbage-first heap   total reserved 2015232K, committed 81920K, used 25577K [0x0000000085000000, 0x0000000100000000)
  region size 1024K, 5 young (5120K), 5 survivors (5120K)
 Metaspace       used 30919K, committed 31488K, reserved 1114112K
  class space    used 4414K, committed 4672K, reserved 1048576K
}
Event: 3.217 GC heap before
{Heap before GC invocations=8 (full 0):
 garbage-first heap   total reserved 2015232K, committed 81920K, used 51177K [0x0000000085000000, 0x0000000100000000)
  region size 1024K, 31 young (31744K), 5 survivors (5120K)
 Metaspace       used 35474K, committed 36096K, reserved 1114112K
  class space    used 5073K, committed 5376K, reserved 1048576K
}
Event: 3.222 GC heap after
{Heap after GC invocations=9 (full 0):
 garbage-first heap   total reserved 2015232K, committed 81920K, used 29154K [0x0000000085000000, 0x0000000100000000)
  region size 1024K, 4 young (4096K), 4 survivors (4096K)
 Metaspace       used 35474K, committed 36096K, reserved 1114112K
  class space    used 5073K, committed 5376K, reserved 1048576K
}
Event: 496.550 GC heap before
{Heap before GC invocations=10 (full 0):
 garbage-first heap   total reserved 2015232K, committed 81920K, used 63970K [0x0000000085000000, 0x0000000100000000)
  region size 1024K, 39 young (39936K), 4 survivors (4096K)
 Metaspace       used 40167K, committed 40832K, reserved 1114112K
  class space    used 5699K, committed 5952K, reserved 1048576K
}
Event: 496.601 GC heap after
{Heap after GC invocations=11 (full 0):
 garbage-first heap   total reserved 2015232K, committed 81920K, used 30980K [0x0000000085000000, 0x0000000100000000)
  region size 1024K, 3 young (3072K), 3 survivors (3072K)
 Metaspace       used 40167K, committed 40832K, reserved 1114112K
  class space    used 5699K, committed 5952K, reserved 1048576K
}
Event: 1810.422 GC heap before
{Heap before GC invocations=11 (full 0):
 garbage-first heap   total reserved 2015232K, committed 81920K, used 67844K [0x0000000085000000, 0x0000000100000000)
  region size 1024K, 39 young (39936K), 3 survivors (3072K)
 Metaspace       used 40168K, committed 40832K, reserved 1114112K
  class space    used 5700K, committed 5952K, reserved 1048576K
}
Event: 1810.466 GC heap after
{Heap after GC invocations=12 (full 0):
 garbage-first heap   total reserved 2015232K, committed 81920K, used 30211K [0x0000000085000000, 0x0000000100000000)
  region size 1024K, 3 young (3072K), 3 survivors (3072K)
 Metaspace       used 40168K, committed 40832K, reserved 1114112K
  class space    used 5700K, committed 5952K, reserved 1048576K
}
Event: 2173.003 GC heap before
{Heap before GC invocations=12 (full 0):
 garbage-first heap   total reserved 2015232K, committed 81920K, used 33283K [0x0000000085000000, 0x0000000100000000)
  region size 1024K, 7 young (7168K), 3 survivors (3072K)
 Metaspace       used 40261K, committed 40896K, reserved 1114112K
  class space    used 5718K, committed 5952K, reserved 1048576K
}
Event: 2173.292 GC heap after
{Heap after GC invocations=13 (full 1):
 garbage-first heap   total reserved 2015232K, committed 81920K, used 20610K [0x0000000085000000, 0x0000000100000000)
  region size 1024K, 0 young (0K), 0 survivors (0K)
 Metaspace       used 39984K, committed 40896K, reserved 1114112K
  class space    used 5639K, committed 5952K, reserved 1048576K
}
Event: 2175.420 GC heap before
{Heap before GC invocations=13 (full 1):
 garbage-first heap   total reserved 2015232K, committed 81920K, used 70786K [0x0000000085000000, 0x0000000100000000)
  region size 1024K, 42 young (43008K), 0 survivors (0K)
 Metaspace       used 40109K, committed 40960K, reserved 1114112K
  class space    used 5664K, committed 5952K, reserved 1048576K
}
Event: 2175.432 GC heap after
{Heap after GC invocations=14 (full 1):
 garbage-first heap   total reserved 2015232K, committed 81920K, used 24476K [0x0000000085000000, 0x0000000100000000)
  region size 1024K, 4 young (4096K), 4 survivors (4096K)
 Metaspace       used 40109K, committed 40960K, reserved 1114112K
  class space    used 5664K, committed 5952K, reserved 1048576K
}
Event: 2315.623 GC heap before
{Heap before GC invocations=14 (full 1):
 garbage-first heap   total reserved 2015232K, committed 81920K, used 39836K [0x0000000085000000, 0x0000000100000000)
  region size 1024K, 20 young (20480K), 4 survivors (4096K)
 Metaspace       used 40239K, committed 40960K, reserved 1114112K
  class space    used 5695K, committed 5952K, reserved 1048576K
}

